app/build/outputs/logs/manifest-merger-debug-report.txt
-- Merging decision tree log ---
manifest
ADDED from src/main/AndroidManifest.xml:2:1-53:12
	package
		ADDED from src/main/AndroidManifest.xml:3:5-24
		INJECTED from src/main/AndroidManifest.xml
		INJECTED from src/main/AndroidManifest.xml
	android:versionName
		ADDED from src/main/AndroidManifest.xml:5:5-30
		INJECTED from src/main/AndroidManifest.xml
		INJECTED from src/main/AndroidManifest.xml
	android:versionCode
		ADDED from src/main/AndroidManifest.xml:4:5-28
		INJECTED from src/main/AndroidManifest.xml
		INJECTED from src/main/AndroidManifest.xml
	xmlns:android
		ADDED from src/main/AndroidManifest.xml:2:11-69
uses-sdk
ADDED from src/main/AndroidManifest.xml:7:5-9:41
	android:targetSdkVersion
		ADDED from src/main/AndroidManifest.xml:9:9-38
		INJECTED from src/main/AndroidManifest.xml
		INJECTED from src/main/AndroidManifest.xml
	android:minSdkVersion
		ADDED from src/main/AndroidManifest.xml:8:9-35
		INJECTED from src/main/AndroidManifest.xml
		INJECTED from src/main/AndroidManifest.xml
uses-permission#android.permission.INTERNET
ADDED from src/main/AndroidManifest.xml:13:5-66
	android:name
		ADDED from src/main/AndroidManifest.xml:13:22-64
uses-permission#com.mahao.privoder.write
ADDED from src/main/AndroidManifest.xml:14:5-63
	android:name
		ADDED from src/main/AndroidManifest.xml:14:22-61
permission#com.mahao.privoder.write
ADDED from src/main/AndroidManifest.xml:18:5-21:11
	android:label
		ADDED from src/main/AndroidManifest.xml:19:17-52
	android:protectionLevel
		ADDED from src/main/AndroidManifest.xml:20:17-49
	android:name
		ADDED from src/main/AndroidManifest.xml:18:17-56
application
ADDED from src/main/AndroidManifest.xml:23:5-49:19
	android:label
		ADDED from src/main/AndroidManifest.xml:26:9-41
	android:allowBackup
		ADDED from src/main/AndroidManifest.xml:24:9-35
	android:icon
		ADDED from src/main/AndroidManifest.xml:25:9-45
	android:theme
		ADDED from src/main/AndroidManifest.xml:27:9-40
activity#com.mahao.sqlitedatabase.MainActivity
ADDED from src/main/AndroidManifest.xml:28:9-36:20
	android:label
		ADDED from src/main/AndroidManifest.xml:30:13-45
	android:name
		ADDED from src/main/AndroidManifest.xml:29:13-65
intent-filter#android.intent.action.MAIN+android.intent.category.LAUNCHER
ADDED from src/main/AndroidManifest.xml:31:13-35:29
action#android.intent.action.MAIN
ADDED from src/main/AndroidManifest.xml:32:17-69
	android:name
		ADDED from src/main/AndroidManifest.xml:32:25-66
category#android.intent.category.LAUNCHER
ADDED from src/main/AndroidManifest.xml:34:17-77
	android:name
		ADDED from src/main/AndroidManifest.xml:34:27-74
activity#com.mahao.crud.DealWithDbActivity
ADDED from src/main/AndroidManifest.xml:38:10-40:20
	android:name
		ADDED from src/main/AndroidManifest.xml:39:13-61
provider#com.mahao.provider.DiSanFangProvider
ADDED from src/main/AndroidManifest.xml:42:10-47:26
	android:authorities
		ADDED from src/main/AndroidManifest.xml:44:14-45
	android:exported
		ADDED from src/main/AndroidManifest.xml:45:14-38
	android:name
		ADDED from src/main/AndroidManifest.xml:43:14-65
	android:writePermission
		ADDED from src/main/AndroidManifest.xml:46:14-64